<?xml version="1.0" encoding="UTF-8"?>
<!-- Generated by org.testng.reporters.JUnitReportReporter -->
<testsuite skipped="0" hostname="Dell" name="com.transferwise.qa.Test122" tests="1" failures="0" timestamp="29 Sep 2019 19:04:06 GMT" time="52.834" errors="0">
  <testcase name="m" time="52.834" classname="com.transferwise.qa.Test122"/>
</testsuite> <!-- com.transferwise.qa.Test122 -->
