<?xml version="1.0" encoding="UTF-8"?>
<!-- Generated by org.testng.reporters.JUnitReportReporter -->
<testsuite skipped="0" hostname="Dell" name="com.transferwise.qa.utils.Report" tests="1" failures="0" timestamp="30 Sep 2019 20:59:55 GMT" time="31.290" errors="0">
  <testcase name="m2" time="31.290" classname="com.transferwise.qa.utils.Report"/>
</testsuite> <!-- com.transferwise.qa.utils.Report -->
