<?xml version="1.0" encoding="UTF-8"?>
<!-- Generated by org.testng.reporters.JUnitReportReporter -->
<testsuite skipped="0" hostname="Dell" name="com.transferwise.qa.testcases.CurrencyConversionTest" tests="15" failures="0" timestamp="30 Sep 2019 23:05:35 GMT" time="584.261" errors="0">
  <testcase name="checkCurrencyConversion" time="28.264" classname="com.transferwise.qa.testcases.CurrencyConversionTest"/>
  <testcase name="checkCurrencyConversion" time="25.558" classname="com.transferwise.qa.testcases.CurrencyConversionTest"/>
  <testcase name="checkCurrencyConversion" time="40.110" classname="com.transferwise.qa.testcases.CurrencyConversionTest"/>
  <testcase name="checkCurrencyConversion" time="51.012" classname="com.transferwise.qa.testcases.CurrencyConversionTest"/>
  <testcase name="checkCurrencyConversion" time="27.636" classname="com.transferwise.qa.testcases.CurrencyConversionTest"/>
  <testcase name="checkCurrencyConversion" time="42.304" classname="com.transferwise.qa.testcases.CurrencyConversionTest"/>
  <testcase name="checkCurrencyConversion" time="38.529" classname="com.transferwise.qa.testcases.CurrencyConversionTest"/>
  <testcase name="checkCurrencyConversion" time="50.782" classname="com.transferwise.qa.testcases.CurrencyConversionTest"/>
  <testcase name="checkCurrencyConversion" time="37.666" classname="com.transferwise.qa.testcases.CurrencyConversionTest"/>
  <testcase name="checkCurrencyConversion" time="49.981" classname="com.transferwise.qa.testcases.CurrencyConversionTest"/>
  <testcase name="checkCurrencyConversion" time="26.725" classname="com.transferwise.qa.testcases.CurrencyConversionTest"/>
  <testcase name="checkCurrencyConversion" time="53.279" classname="com.transferwise.qa.testcases.CurrencyConversionTest"/>
  <testcase name="checkCurrencyConversion" time="25.615" classname="com.transferwise.qa.testcases.CurrencyConversionTest"/>
  <testcase name="checkCurrencyConversion" time="39.846" classname="com.transferwise.qa.testcases.CurrencyConversionTest"/>
  <testcase name="checkCurrencyConversion" time="46.954" classname="com.transferwise.qa.testcases.CurrencyConversionTest"/>
</testsuite> <!-- com.transferwise.qa.testcases.CurrencyConversionTest -->
