<?xml version="1.0" encoding="UTF-8"?>
<!-- Generated by org.testng.reporters.JUnitReportReporter -->
<testsuite skipped="0" hostname="Dell" name="com.transferwise.qa.testcases.CurrencyConversionTest" tests="15" failures="0" timestamp="30 Sep 2019 23:53:53 GMT" time="652.613" errors="0">
  <testcase name="checkCurrencyConversion" time="56.493" classname="com.transferwise.qa.testcases.CurrencyConversionTest"/>
  <testcase name="checkCurrencyConversion" time="41.739" classname="com.transferwise.qa.testcases.CurrencyConversionTest"/>
  <testcase name="checkCurrencyConversion" time="27.663" classname="com.transferwise.qa.testcases.CurrencyConversionTest"/>
  <testcase name="checkCurrencyConversion" time="33.646" classname="com.transferwise.qa.testcases.CurrencyConversionTest"/>
  <testcase name="checkCurrencyConversion" time="31.454" classname="com.transferwise.qa.testcases.CurrencyConversionTest"/>
  <testcase name="checkCurrencyConversion" time="41.648" classname="com.transferwise.qa.testcases.CurrencyConversionTest"/>
  <testcase name="checkCurrencyConversion" time="60.087" classname="com.transferwise.qa.testcases.CurrencyConversionTest"/>
  <testcase name="checkCurrencyConversion" time="43.506" classname="com.transferwise.qa.testcases.CurrencyConversionTest"/>
  <testcase name="checkCurrencyConversion" time="56.563" classname="com.transferwise.qa.testcases.CurrencyConversionTest"/>
  <testcase name="checkCurrencyConversion" time="55.778" classname="com.transferwise.qa.testcases.CurrencyConversionTest"/>
  <testcase name="checkCurrencyConversion" time="56.399" classname="com.transferwise.qa.testcases.CurrencyConversionTest"/>
  <testcase name="checkCurrencyConversion" time="30.902" classname="com.transferwise.qa.testcases.CurrencyConversionTest"/>
  <testcase name="checkCurrencyConversion" time="44.332" classname="com.transferwise.qa.testcases.CurrencyConversionTest"/>
  <testcase name="checkCurrencyConversion" time="41.658" classname="com.transferwise.qa.testcases.CurrencyConversionTest"/>
  <testcase name="checkCurrencyConversion" time="30.745" classname="com.transferwise.qa.testcases.CurrencyConversionTest"/>
</testsuite> <!-- com.transferwise.qa.testcases.CurrencyConversionTest -->
